ls: 无法访问models-*: 没有那个文件或目录

ls: 无法访问models-*: 没有那个文件或目录

./run.sh: 行 5:  2536 已终止               $exe --is_dictionary_exist 1 --random_seed 1540422239 --is_train 1 --is_test 0 > log.train 2>&1
6
7
ls: 无法访问models-*: 没有那个文件或目录

./run.sh: 行 5:  4294 已终止               $exe --is_dictionary_exist 1 --random_seed 1540422239 --is_train 1 --is_test 0 > log.train 2>&1
ls: 无法访问models-*: 没有那个文件或目录

414
414
ls: 无法访问models-*: 没有那个文件或目录

ls: 无法访问models-*: 没有那个文件或目录

ls: 无法访问models-*: 没有那个文件或目录

./run.sh: 行 5: 35547 已终止               $exe --is_dictionary_exist 1 --random_seed 1540422239 --is_train 1 --is_test 0 > log.train 2>&1
2
./run.sh: 行 5: 35695 已终止               $exe --is_dictionary_exist 1 --random_seed 1540422239 --is_train 1 --is_test 0 > log.train 2>&1
176
ls: 无法访问models-*: 没有那个文件或目录

128
128
128
128
128
./run.sh: 行 5: 45929 已终止               $exe --is_dictionary_exist 1 --random_seed 1540422239 --is_train 1 --is_test 0 > log.train 2>&1
128
128
./run.sh: 行 5: 46263 已终止               $exe --is_dictionary_exist 1 --random_seed 1540422239 --is_train 1 --is_test 0 > log.train 2>&1
128 28
128 28
128 28
128 28
128 28
128 28
ls: 无法访问models-*: 没有那个文件或目录

ls: 无法访问models-*: 没有那个文件或目录

ls: 无法访问models-*: 没有那个文件或目录

ls: 无法访问models-*: 没有那个文件或目录

196
./run.sh: 行 5: 37755 已终止               $exe --is_dictionary_exist 1 --random_seed 1540422239 --is_train 1 --is_test 0 > log.train 2>&1
196
196
ls: 无法访问models-*: 没有那个文件或目录

ls: 无法访问models-*: 没有那个文件或目录

./run.sh: 行 5:  3583 已终止               $exe --is_dictionary_exist 1 --random_seed 1540422239 --is_train 1 --is_test 0 > log.train 2>&1
203
ls: 无法访问models-*: 没有那个文件或目录

./run.sh: 行 5:  2127 已终止               $exe --is_dictionary_exist 1 --random_seed 1540422239 --is_train 1 --is_test 0 > log.train 2>&1
ls: 无法访问models-*: 没有那个文件或目录

./run.sh: 行 5:  3551 已终止               $exe --is_dictionary_exist 1 --random_seed 1540422239 --is_train 1 --is_test 0 > log.train 2>&1
ls: 无法访问models-*: 没有那个文件或目录

792
24 792
24 792
10 24 792
./run.sh: 行 5: 48163 已终止               $exe --is_dictionary_exist 1 --random_seed 1540422239 --is_train 1 --is_test 0 > log.train 2>&1
792
./run.sh: 行 5:   333 已终止               $exe --is_dictionary_exist 1 --random_seed 1540422239 --is_train 1 --is_test 0 > log.train 2>&1
792
./run.sh: 行 5:  1828 已终止               $exe --is_dictionary_exist 1 --random_seed 1540422239 --is_train 1 --is_test 0 > log.train 2>&1
ls: 无法访问models-*: 没有那个文件或目录

314
281
281
281




./run.sh: 行 5: 45231 已终止               $exe --is_dictionary_exist 1 --random_seed 1540422239 --is_train 1 --is_test 0 > log.train 2>&1

./run.sh: 行 5: 15599 已终止               $exe --is_dictionary_exist 1 --random_seed 1540422239 --is_train 1 --is_test 0 > log.train 2>&1
ls: 无法访问models-*: 没有那个文件或目录


ls: 无法访问models-*: 没有那个文件或目录

./run.sh: 行 5:  8067 已终止               $exe --is_dictionary_exist 1 --random_seed 1540422239 --is_train 1 --is_test 0 > log.train 2>&1


./run.sh: 行 5: 22656 已终止               $exe --is_dictionary_exist 1 --random_seed 1540422239 --is_train 1 --is_test 0 > log.train 2>&1
ls: 无法访问models-*: 没有那个文件或目录




./run.sh: 行 5: 43241 已终止               $exe --is_dictionary_exist 1 --random_seed 1540422239 --is_train 1 --is_test 0 > log.train 2>&1

ls: 无法访问models-*: 没有那个文件或目录

./run.sh: 行 5: 18753 已终止               $exe --is_dictionary_exist 1 --random_seed 1540422239 --is_train 1 --is_test 0 > log.train 2>&1


ls: 无法访问models-*: 没有那个文件或目录

./run.sh: 行 5:  7699 已终止               $exe --is_dictionary_exist 1 --random_seed 1540422239 --is_train 1 --is_test 0 > log.train 2>&1
ls: 无法访问models-*: 没有那个文件或目录



./run.sh: 行 5: 11368 已终止               $exe --is_dictionary_exist 1 --random_seed 1540422239 --is_train 1 --is_test 0 > log.train 2>&1
ls: 无法访问models-*: 没有那个文件或目录


./run.sh: 行 5:  6256 已终止               $exe --is_dictionary_exist 1 --random_seed 1540422239 --is_train 1 --is_test 0 > log.train 2>&1
ls: 无法访问models-*: 没有那个文件或目录

./run.sh: 行 5:  8491 已终止               $exe --is_dictionary_exist 1 --random_seed 1540422239 --is_train 1 --is_test 0 > log.train 2>&1
ls: 无法访问models-*: 没有那个文件或目录

ls: 无法访问models-*: 没有那个文件或目录




./run.sh: 行 5: 29812 已终止               $exe --is_dictionary_exist 1 --random_seed 1540422239 --is_train 1 --is_test 0 > log.train 2>&1
ls: 无法访问models-*: 没有那个文件或目录

./run.sh: 行 5: 30804 已终止               $exe --is_dictionary_exist 1 --random_seed 1540422239 --is_train 1 --is_test 0 > log.train 2>&1

./run.sh:行6: $'\277\275': 未找到命令
ls: 无法访问models-*: 没有那个文件或目录


220 298
./run.sh: 行 9: 12474 已终止               $exe --is_train 0 --is_test 1 --model_eval_num $num > log.test-$num 2>&1
220 298
298
read config from config.txt
Loaded config file successfully.
is_test 1
is_train 0
device-x gpu
device cuda:0
dict_dir ./
word_freq_cutoff 1
model_dir ./
ext_word_emb_full_path /home/ljj/3-biaffine-taketurn/data/giga.bin
ext_word_dict_full_path /home/ljj/3-biaffine-taketurn/data/extwords.txt
inst_num_max -1
max_bucket_num 80
sent_num_one_batch 50
word_num_one_batch 512
is_shared_lstm 1
is_gate_lstm 0
is_diff_loss 1
is_domain_emb 1
is_adversary 1
is_multi 0
is_charlstm 1
model_eval_num 298
data_dir /home/ljj/3-biaffine-taketurn/data/ud
train_files /home/ljj/3-biaffine-taketurn/data/ud/ch-ud-train.conllu:/home/ljj/3-biaffine-taketurn/data/ud/vi-ud-train.conllu
dev_files /home/ljj/3-biaffine-taketurn/data/ud/vi-ud-dev.conllu
test_files /home/ljj/3-biaffine-taketurn/data/ud/vi-ud-test.conllu
unlabel_train_files /home/liying/parser/data/ud/unlabal/vi-unlabel-train.txt
is_dictionary_exist 1
train_max_eval_num 1000
save_model_after_eval_num 1
train_stop_after_eval_num_no_improve 100
eval_every_update_step_num 112
lstm_layer_num 3
word_emb_dim 100
tag_emb_dim 100
domain_emb_dim 8
domain_size 4
emb_dropout_ratio 0.33
lstm_hidden_dim 400
lstm_input_dropout_ratio 0.33
lstm_hidden_dropout_ratio_for_next_timestamp 0.33
mlp_output_dim_arc 500
mlp_output_dim_rel 100
mlp_input_dropout_ratio 0.33
mlp_output_dropout_ratio 0.33
learning_rate 1e-4
decay .75
decay_steps 5000
beta_1 .9
beta_2 .98
epsilon 1e-12
clip 5.0
adversary_lambda_loss 1
diff_bate_loss 0.01
random_seeds =  [1704964352, 670338805, 200776142, 210471586]
Loading dict words done: 8795 keys; unknown-id=1
Loading dict chars done: 2820 keys; unknown-id=1
Loading dict postags done: 19 keys; unknown-id=1
Loading dict labels done: 44 keys; unknown-id=-1
Loading dict ext_words done: 372849 keys; unknown-id=1
self._file_name_short turn_data_ud_vi-ud-test.conllu
self._domain_id 2
Reading turn_data_ud_vi-ud-test.conllu done: 799 instances
i, inst_num, max_len, batch_num_to_provide, batch_num_total =  0 170 10 4 0
i, inst_num, max_len, batch_num_to_provide, batch_num_total =  1 110 13 3 4
i, inst_num, max_len, batch_num_to_provide, batch_num_total =  2 89 15 3 7
i, inst_num, max_len, batch_num_to_provide, batch_num_total =  3 100 17 3 10
i, inst_num, max_len, batch_num_to_provide, batch_num_total =  4 86 19 3 13
i, inst_num, max_len, batch_num_to_provide, batch_num_total =  5 67 21 3 16
i, inst_num, max_len, batch_num_to_provide, batch_num_total =  6 77 23 3 19
i, inst_num, max_len, batch_num_to_provide, batch_num_total =  7 58 25 3 22
i, inst_num, max_len, batch_num_to_provide, batch_num_total =  8 42 26 2 25
turn_data_ud_vi-ud-test.conllu can provide 27 batches in total with 9 buckets
numeralizing [and pad if use-bucket] all instances in all datasets
init models
100 768
Orthogonal pretrainer loss: 7.15e-29
Some weights of XLMRobertaForMaskedLM were not initialized from the model checkpoint at /home/ljj/xlm-roberta-base and are newly initialized: ['lm_head.decoder.bias']
You should probably TRAIN this model on a down-stream task to be able to use it for predictions and inference.
2820
------load fasttext model-------
load fasttext_zh success!
loed fasttext_vi success!
------Wechsel initialization is running------
source and target dimension's min_dim=300
align_matrix已得到,形状是(300, 300)
------Wechsel initialization is complete!------
从fasttext中获取xlm-r分词器中的词对应的中文和越南语的词向量
1600 600
Orthogonal pretrainer loss: 5.00e+02
1600 600
Orthogonal pretrainer loss: 5.00e+02
1600 1200
Orthogonal pretrainer loss: 2.00e+02
1600 1200
Orthogonal pretrainer loss: 2.00e+02
1600 1200
Orthogonal pretrainer loss: 2.00e+02
1600 1200
Orthogonal pretrainer loss: 2.00e+02
1200 800
Orthogonal pretrainer loss: 2.00e+02
1 is running
5 800
Orthogonal pretrainer loss: 2.36e+06
2 is running
3 is running
Traceback (most recent call last):
  File "../src_align/main.py", line 37, in <module>
    parser.run()
  File "/home/ljj/3-biaffine-taketurn/src_align/parser.py", line 345, in run
    self.load_model(self._conf.model_dir, self._conf.model_eval_num)
  File "/home/ljj/3-biaffine-taketurn/src_align/parser.py", line 891, in load_model
    layer.load_state_dict(torch.load(path + layer.name, map_location='cpu'))
  File "/home/ljj/anaconda3/envs/venvcopy/lib/python3.7/site-packages/torch/nn/modules/module.py", line 845, in load_state_dict
    self.__class__.__name__, "\n\t".join(error_msgs)))
RuntimeError: Error(s) in loading state_dict for InputLayer:
	Unexpected key(s) in state_dict: "bert_embedding.bert.roberta.pooler.dense.weight", "bert_embedding.bert.roberta.pooler.dense.bias". 
298
./run.sh: 行 5: 45330 已终止               $exe --is_dictionary_exist 1 --random_seed 1540422239 --is_train 1 --is_test 0 > log.train 2>&1
2
./run.sh: 行 5: 48277 已终止               $exe --is_dictionary_exist 1 --random_seed 1540422239 --is_train 1 --is_test 0 > log.train 2>&1
2
./run.sh: 行 5: 49125 已终止               $exe --is_dictionary_exist 1 --random_seed 1540422239 --is_train 1 --is_test 0 > log.train 2>&1
2
./run.sh: 行 5:  3342 已终止               $exe --is_dictionary_exist 1 --random_seed 1540422239 --is_train 1 --is_test 0 > log.train 2>&1
2
2
./run.sh: 行 5: 10892 已终止               $exe --is_dictionary_exist 1 --random_seed 1540422239 --is_train 1 --is_test 0 > log.train 2>&1
2
./run.sh: 行 5: 11289 已终止               $exe --is_dictionary_exist 1 --random_seed 1540422239 --is_train 1 --is_test 0 > log.train 2>&1
2
2
298
./run.sh: 行 5: 15378 已终止               $exe --is_dictionary_exist 1 --random_seed 1540422239 --is_train 1 --is_test 0 > log.train 2>&1
298
298
./run.sh: 行 5: 16153 已终止               $exe --is_dictionary_exist 1 --random_seed 1540422239 --is_train 1 --is_test 0 > log.train 2>&1
298
./run.sh: 行 10: 16559 已终止               $exe --is_train 0 --is_test 1 --model_eval_num $num > log.test-$num 2>&1
298
298
298
298
298
298
298
298
298
298
./run.sh: 行 5: 16659 已终止               $exe --is_dictionary_exist 1 --random_seed 1540422239 --is_train 1 --is_test 0 > log.train 2>&1
298
298
./run.sh: 行 5: 18002 已终止               $exe --is_dictionary_exist 1 --random_seed 1540422239 --is_train 1 --is_test 0 > log.train 2>&1
298
./run.sh: 行 5: 18580 已终止               $exe --is_dictionary_exist 1 --random_seed 1540422239 --is_train 1 --is_test 0 > log.train 2>&1
298
./run.sh: 行 5: 20054 已终止               $exe --is_dictionary_exist 1 --random_seed 1540422239 --is_train 1 --is_test 0 > log.train 2>&1
298
298
298
ls: 无法访问models-*: 没有那个文件或目录

./run.sh: 行 9: 21736 已终止               $exe --is_train 0 --is_test 1 --model_eval_num $num > log.test-$num 2>&1
./run.sh: 行 5: 21902 已终止               $exe --is_dictionary_exist 1 --random_seed 1540422239 --is_train 1 --is_test 0 > log.train 2>&1
ls: 无法访问models-*: 没有那个文件或目录

./run.sh: 行 5: 22466 已终止               $exe --is_dictionary_exist 1 --random_seed 1540422239 --is_train 1 --is_test 0 > log.train 2>&1
ls: 无法访问models-*: 没有那个文件或目录

